e:\git_newcode\mbedtls-2.6.0_server_psk\mbedtls-2.6.0_server_psk\mbedtls-2.6.0\visualc\vs2010\debug\mbedtls\mbedtls.pdb
e:\git_newcode\mbedtls-2.6.0_server_psk\mbedtls-2.6.0_server_psk\mbedtls-2.6.0\visualc\vs2010\debug\mbedtls\mbedtls.idb
e:\git_newcode\mbedtls-2.6.0_server_psk\mbedtls-2.6.0_server_psk\mbedtls-2.6.0\visualc\vs2010\debug\mbedtls\sha512.obj
e:\git_newcode\mbedtls-2.6.0_server_psk\mbedtls-2.6.0_server_psk\mbedtls-2.6.0\visualc\vs2010\debug\mbedtls\ssl_cache.obj
e:\git_newcode\mbedtls-2.6.0_server_psk\mbedtls-2.6.0_server_psk\mbedtls-2.6.0\visualc\vs2010\debug\mbedtls\ssl_ciphersuites.obj
e:\git_newcode\mbedtls-2.6.0_server_psk\mbedtls-2.6.0_server_psk\mbedtls-2.6.0\visualc\vs2010\debug\mbedtls\ssl_cli.obj
e:\git_newcode\mbedtls-2.6.0_server_psk\mbedtls-2.6.0_server_psk\mbedtls-2.6.0\visualc\vs2010\debug\mbedtls\ssl_cookie.obj
e:\git_newcode\mbedtls-2.6.0_server_psk\mbedtls-2.6.0_server_psk\mbedtls-2.6.0\visualc\vs2010\debug\mbedtls\ssl_srv.obj
e:\git_newcode\mbedtls-2.6.0_server_psk\mbedtls-2.6.0_server_psk\mbedtls-2.6.0\visualc\vs2010\debug\mbedtls\ssl_ticket.obj
e:\git_newcode\mbedtls-2.6.0_server_psk\mbedtls-2.6.0_server_psk\mbedtls-2.6.0\visualc\vs2010\debug\mbedtls\ssl_tls.obj
e:\git_newcode\mbedtls-2.6.0_server_psk\mbedtls-2.6.0_server_psk\mbedtls-2.6.0\visualc\vs2010\debug\mbedtls\threading.obj
e:\git_newcode\mbedtls-2.6.0_server_psk\mbedtls-2.6.0_server_psk\mbedtls-2.6.0\visualc\vs2010\debug\mbedtls\timing.obj
e:\git_newcode\mbedtls-2.6.0_server_psk\mbedtls-2.6.0_server_psk\mbedtls-2.6.0\visualc\vs2010\debug\mbedtls\version.obj
e:\git_newcode\mbedtls-2.6.0_server_psk\mbedtls-2.6.0_server_psk\mbedtls-2.6.0\visualc\vs2010\debug\mbedtls\version_features.obj
e:\git_newcode\mbedtls-2.6.0_server_psk\mbedtls-2.6.0_server_psk\mbedtls-2.6.0\visualc\vs2010\debug\mbedtls\x509.obj
e:\git_newcode\mbedtls-2.6.0_server_psk\mbedtls-2.6.0_server_psk\mbedtls-2.6.0\visualc\vs2010\debug\mbedtls\x509_create.obj
e:\git_newcode\mbedtls-2.6.0_server_psk\mbedtls-2.6.0_server_psk\mbedtls-2.6.0\visualc\vs2010\debug\mbedtls\x509_crl.obj
e:\git_newcode\mbedtls-2.6.0_server_psk\mbedtls-2.6.0_server_psk\mbedtls-2.6.0\visualc\vs2010\debug\mbedtls\x509_crt.obj
e:\git_newcode\mbedtls-2.6.0_server_psk\mbedtls-2.6.0_server_psk\mbedtls-2.6.0\visualc\vs2010\debug\mbedtls\x509_csr.obj
e:\git_newcode\mbedtls-2.6.0_server_psk\mbedtls-2.6.0_server_psk\mbedtls-2.6.0\visualc\vs2010\debug\mbedtls\x509write_crt.obj
e:\git_newcode\mbedtls-2.6.0_server_psk\mbedtls-2.6.0_server_psk\mbedtls-2.6.0\visualc\vs2010\debug\mbedtls\x509write_csr.obj
e:\git_newcode\mbedtls-2.6.0_server_psk\mbedtls-2.6.0_server_psk\mbedtls-2.6.0\visualc\vs2010\debug\mbedtls\xtea.obj
e:\git_newcode\mbedtls-2.6.0_server_psk\mbedtls-2.6.0_server_psk\mbedtls-2.6.0\visualc\vs2010\debug\mbedtls\md4.obj
e:\git_newcode\mbedtls-2.6.0_server_psk\mbedtls-2.6.0_server_psk\mbedtls-2.6.0\visualc\vs2010\debug\mbedtls\md5.obj
e:\git_newcode\mbedtls-2.6.0_server_psk\mbedtls-2.6.0_server_psk\mbedtls-2.6.0\visualc\vs2010\debug\mbedtls\md_wrap.obj
e:\git_newcode\mbedtls-2.6.0_server_psk\mbedtls-2.6.0_server_psk\mbedtls-2.6.0\visualc\vs2010\debug\mbedtls\memory_buffer_alloc.obj
e:\git_newcode\mbedtls-2.6.0_server_psk\mbedtls-2.6.0_server_psk\mbedtls-2.6.0\visualc\vs2010\debug\mbedtls\net_sockets.obj
e:\git_newcode\mbedtls-2.6.0_server_psk\mbedtls-2.6.0_server_psk\mbedtls-2.6.0\visualc\vs2010\debug\mbedtls\oid.obj
e:\git_newcode\mbedtls-2.6.0_server_psk\mbedtls-2.6.0_server_psk\mbedtls-2.6.0\visualc\vs2010\debug\mbedtls\padlock.obj
e:\git_newcode\mbedtls-2.6.0_server_psk\mbedtls-2.6.0_server_psk\mbedtls-2.6.0\visualc\vs2010\debug\mbedtls\pem.obj
e:\git_newcode\mbedtls-2.6.0_server_psk\mbedtls-2.6.0_server_psk\mbedtls-2.6.0\visualc\vs2010\debug\mbedtls\pk.obj
e:\git_newcode\mbedtls-2.6.0_server_psk\mbedtls-2.6.0_server_psk\mbedtls-2.6.0\visualc\vs2010\debug\mbedtls\pk_wrap.obj
e:\git_newcode\mbedtls-2.6.0_server_psk\mbedtls-2.6.0_server_psk\mbedtls-2.6.0\visualc\vs2010\debug\mbedtls\pkcs11.obj
e:\git_newcode\mbedtls-2.6.0_server_psk\mbedtls-2.6.0_server_psk\mbedtls-2.6.0\visualc\vs2010\debug\mbedtls\pkcs12.obj
e:\git_newcode\mbedtls-2.6.0_server_psk\mbedtls-2.6.0_server_psk\mbedtls-2.6.0\visualc\vs2010\debug\mbedtls\pkcs5.obj
e:\git_newcode\mbedtls-2.6.0_server_psk\mbedtls-2.6.0_server_psk\mbedtls-2.6.0\visualc\vs2010\debug\mbedtls\pkparse.obj
e:\git_newcode\mbedtls-2.6.0_server_psk\mbedtls-2.6.0_server_psk\mbedtls-2.6.0\visualc\vs2010\debug\mbedtls\pkwrite.obj
e:\git_newcode\mbedtls-2.6.0_server_psk\mbedtls-2.6.0_server_psk\mbedtls-2.6.0\visualc\vs2010\debug\mbedtls\platform.obj
e:\git_newcode\mbedtls-2.6.0_server_psk\mbedtls-2.6.0_server_psk\mbedtls-2.6.0\visualc\vs2010\debug\mbedtls\ripemd160.obj
e:\git_newcode\mbedtls-2.6.0_server_psk\mbedtls-2.6.0_server_psk\mbedtls-2.6.0\visualc\vs2010\debug\mbedtls\rsa.obj
e:\git_newcode\mbedtls-2.6.0_server_psk\mbedtls-2.6.0_server_psk\mbedtls-2.6.0\visualc\vs2010\debug\mbedtls\sha1.obj
e:\git_newcode\mbedtls-2.6.0_server_psk\mbedtls-2.6.0_server_psk\mbedtls-2.6.0\visualc\vs2010\debug\mbedtls\sha256.obj
e:\git_newcode\mbedtls-2.6.0_server_psk\mbedtls-2.6.0_server_psk\mbedtls-2.6.0\visualc\vs2010\debug\mbedtls\cipher.obj
e:\git_newcode\mbedtls-2.6.0_server_psk\mbedtls-2.6.0_server_psk\mbedtls-2.6.0\visualc\vs2010\debug\mbedtls\cipher_wrap.obj
e:\git_newcode\mbedtls-2.6.0_server_psk\mbedtls-2.6.0_server_psk\mbedtls-2.6.0\visualc\vs2010\debug\mbedtls\cmac.obj
e:\git_newcode\mbedtls-2.6.0_server_psk\mbedtls-2.6.0_server_psk\mbedtls-2.6.0\visualc\vs2010\debug\mbedtls\ctr_drbg.obj
e:\git_newcode\mbedtls-2.6.0_server_psk\mbedtls-2.6.0_server_psk\mbedtls-2.6.0\visualc\vs2010\debug\mbedtls\debug.obj
e:\git_newcode\mbedtls-2.6.0_server_psk\mbedtls-2.6.0_server_psk\mbedtls-2.6.0\visualc\vs2010\debug\mbedtls\des.obj
e:\git_newcode\mbedtls-2.6.0_server_psk\mbedtls-2.6.0_server_psk\mbedtls-2.6.0\visualc\vs2010\debug\mbedtls\dhm.obj
e:\git_newcode\mbedtls-2.6.0_server_psk\mbedtls-2.6.0_server_psk\mbedtls-2.6.0\visualc\vs2010\debug\mbedtls\ecdh.obj
e:\git_newcode\mbedtls-2.6.0_server_psk\mbedtls-2.6.0_server_psk\mbedtls-2.6.0\visualc\vs2010\debug\mbedtls\ecdsa.obj
e:\git_newcode\mbedtls-2.6.0_server_psk\mbedtls-2.6.0_server_psk\mbedtls-2.6.0\visualc\vs2010\debug\mbedtls\ecjpake.obj
e:\git_newcode\mbedtls-2.6.0_server_psk\mbedtls-2.6.0_server_psk\mbedtls-2.6.0\visualc\vs2010\debug\mbedtls\ecp.obj
e:\git_newcode\mbedtls-2.6.0_server_psk\mbedtls-2.6.0_server_psk\mbedtls-2.6.0\visualc\vs2010\debug\mbedtls\ecp_curves.obj
e:\git_newcode\mbedtls-2.6.0_server_psk\mbedtls-2.6.0_server_psk\mbedtls-2.6.0\visualc\vs2010\debug\mbedtls\entropy.obj
e:\git_newcode\mbedtls-2.6.0_server_psk\mbedtls-2.6.0_server_psk\mbedtls-2.6.0\visualc\vs2010\debug\mbedtls\entropy_poll.obj
e:\git_newcode\mbedtls-2.6.0_server_psk\mbedtls-2.6.0_server_psk\mbedtls-2.6.0\visualc\vs2010\debug\mbedtls\error.obj
e:\git_newcode\mbedtls-2.6.0_server_psk\mbedtls-2.6.0_server_psk\mbedtls-2.6.0\visualc\vs2010\debug\mbedtls\gcm.obj
e:\git_newcode\mbedtls-2.6.0_server_psk\mbedtls-2.6.0_server_psk\mbedtls-2.6.0\visualc\vs2010\debug\mbedtls\havege.obj
e:\git_newcode\mbedtls-2.6.0_server_psk\mbedtls-2.6.0_server_psk\mbedtls-2.6.0\visualc\vs2010\debug\mbedtls\hmac_drbg.obj
e:\git_newcode\mbedtls-2.6.0_server_psk\mbedtls-2.6.0_server_psk\mbedtls-2.6.0\visualc\vs2010\debug\mbedtls\md.obj
e:\git_newcode\mbedtls-2.6.0_server_psk\mbedtls-2.6.0_server_psk\mbedtls-2.6.0\visualc\vs2010\debug\mbedtls\md2.obj
e:\git_newcode\mbedtls-2.6.0_server_psk\mbedtls-2.6.0_server_psk\mbedtls-2.6.0\visualc\vs2010\debug\mbedtls\aes.obj
e:\git_newcode\mbedtls-2.6.0_server_psk\mbedtls-2.6.0_server_psk\mbedtls-2.6.0\visualc\vs2010\debug\mbedtls\aesni.obj
e:\git_newcode\mbedtls-2.6.0_server_psk\mbedtls-2.6.0_server_psk\mbedtls-2.6.0\visualc\vs2010\debug\mbedtls\arc4.obj
e:\git_newcode\mbedtls-2.6.0_server_psk\mbedtls-2.6.0_server_psk\mbedtls-2.6.0\visualc\vs2010\debug\mbedtls\asn1parse.obj
e:\git_newcode\mbedtls-2.6.0_server_psk\mbedtls-2.6.0_server_psk\mbedtls-2.6.0\visualc\vs2010\debug\mbedtls\asn1write.obj
e:\git_newcode\mbedtls-2.6.0_server_psk\mbedtls-2.6.0_server_psk\mbedtls-2.6.0\visualc\vs2010\debug\mbedtls\base64.obj
e:\git_newcode\mbedtls-2.6.0_server_psk\mbedtls-2.6.0_server_psk\mbedtls-2.6.0\visualc\vs2010\debug\mbedtls\bignum.obj
e:\git_newcode\mbedtls-2.6.0_server_psk\mbedtls-2.6.0_server_psk\mbedtls-2.6.0\visualc\vs2010\debug\mbedtls\blowfish.obj
e:\git_newcode\mbedtls-2.6.0_server_psk\mbedtls-2.6.0_server_psk\mbedtls-2.6.0\visualc\vs2010\debug\mbedtls\camellia.obj
e:\git_newcode\mbedtls-2.6.0_server_psk\mbedtls-2.6.0_server_psk\mbedtls-2.6.0\visualc\vs2010\debug\mbedtls\ccm.obj
e:\git_newcode\mbedtls-2.6.0_server_psk\mbedtls-2.6.0_server_psk\mbedtls-2.6.0\visualc\vs2010\debug\mbedtls\certs.obj
e:\git_newcode\mbedtls-2.6.0_server_psk\mbedtls-2.6.0_server_psk\mbedtls-2.6.0\visualc\vs2010\debug\mbedtls.lib
e:\git_newcode\mbedtls-2.6.0_server_psk\mbedtls-2.6.0_server_psk\mbedtls-2.6.0\visualc\vs2010\debug\mbedtls.pdb
e:\git_newcode\mbedtls-2.6.0_server_psk\mbedtls-2.6.0_server_psk\mbedtls-2.6.0\visualc\vs2010\debug\mbedtls\mbedtls.tlog\cl.command.1.tlog
e:\git_newcode\mbedtls-2.6.0_server_psk\mbedtls-2.6.0_server_psk\mbedtls-2.6.0\visualc\vs2010\debug\mbedtls\mbedtls.tlog\cl.read.1.tlog
e:\git_newcode\mbedtls-2.6.0_server_psk\mbedtls-2.6.0_server_psk\mbedtls-2.6.0\visualc\vs2010\debug\mbedtls\mbedtls.tlog\cl.write.1.tlog
e:\git_newcode\mbedtls-2.6.0_server_psk\mbedtls-2.6.0_server_psk\mbedtls-2.6.0\visualc\vs2010\debug\mbedtls\mbedtls.tlog\lib-link.read.1.tlog
e:\git_newcode\mbedtls-2.6.0_server_psk\mbedtls-2.6.0_server_psk\mbedtls-2.6.0\visualc\vs2010\debug\mbedtls\mbedtls.tlog\lib-link.write.1.tlog
e:\git_newcode\mbedtls-2.6.0_server_psk\mbedtls-2.6.0_server_psk\mbedtls-2.6.0\visualc\vs2010\debug\mbedtls\mbedtls.tlog\lib.command.1.tlog
